<!DOCTYPE html PUBLIC "-//W3C//DTD XHTML 1.1//EN" "http://www.w3.org/TR/xhtml11/DTD/xhtml11.dtd">
<html xmlns="http://www.w3.org/1999/xhtml"><head><title>TestNG Report</title><style type="text/css">table {margin-bottom:10px;border-collapse:collapse;empty-cells:show}th,td {border:1px solid #009;padding:.25em .5em}th {vertical-align:bottom}td {vertical-align:top}table a {font-weight:bold}.stripe td {background-color: #E6EBF9}.num {text-align:right}.passedodd td {background-color: #3F3}.passedeven td {background-color: #0A0}.skippedodd td {background-color: #DDD}.skippedeven td {background-color: #CCC}.failedodd td,.attn {background-color: #F33}.failedeven td,.stripe .attn {background-color: #D00}.stacktrace {white-space:pre;font-family:monospace}.totop {font-size:85%;text-align:center;border-bottom:2px solid #000}</style></head><body><table><tr><th>Test</th><th># Passed</th><th># Skipped</th><th># Failed</th><th>Time (ms)</th><th>Included Groups</th><th>Excluded Groups</th></tr><tr><th colspan="7">wbqaSuite</th></tr><tr><th colspan="7">loginSuite</th></tr><tr><td><a href="#t0">loginTest</a></td><td class="num">0</td><td class="num">0</td><td class="num attn">2</td><td class="num">4,210</td><td></td><td></td></tr><tr><th colspan="7">homeSuite</th></tr><tr class="stripe"><td><a href="#t1">homeTest</a></td><td class="num">1</td><td class="num">0</td><td class="num attn">2</td><td class="num">1,980</td><td></td><td></td></tr><tr><th>Total</th><th class="num">1</th><th class="num">0</th><th class="num attn">4</th><th class="num">6,190</th><th colspan="2"></th></tr></table><table><thead><tr><th>Class</th><th>Method</th><th>Start</th><th>Time (ms)</th></tr></thead><tbody><tr><th colspan="4">wbqaSuite</th></tr></tbody><tbody><tr><th colspan="4">loginSuite</th></tr></tbody><tbody id="t0"><tr><th colspan="4">loginTest &#8212; failed</th></tr><tr class="failedeven"><td rowspan="2">com.test.LoginPageTest</td><td><a href="#m0">testLogin</a></td><td rowspan="2">1459997848006</td><td rowspan="2">1480</td></tr><tr class="failedeven"><td><a href="#m1">testLogin</a></td></tr></tbody><tbody><tr><th colspan="4">homeSuite</th></tr></tbody><tbody id="t1"><tr><th colspan="4">homeTest &#8212; failed</th></tr><tr class="failedeven"><td rowspan="2">com.test.HomePageTest</td><td><a href="#m2">testLogin</a></td><td rowspan="1">1459997827562</td><td rowspan="1">1912</td></tr><tr class="failedeven"><td><a href="#m3">testNavBar</a></td><td rowspan="1">1459997829501</td><td rowspan="1">24</td></tr><tr><th colspan="4">homeTest &#8212; passed</th></tr><tr class="passedeven"><td rowspan="1">com.test.HomePageTest</td><td><a href="#m4">testLogo</a></td><td rowspan="1">1459997829479</td><td rowspan="1">21</td></tr></tbody></table><h2>loginTest</h2><h3 id="m0">com.test.LoginPageTest#testLogin</h3><table class="result"><tr class="param"><th>Parameter #1</th><th>Parameter #2</th></tr><tr class="param stripe"><td>test@test.com</td><td>test123</td></tr><tr><th colspan="2">Exception</th></tr><tr><td colspan="2"><div class="stacktrace">org.openqa.selenium.NoSuchElementException: no such element
  (Session info: chrome=49.0.2623.110)
  (Driver info: chromedriver=2.9.248315,platform=Windows NT 6.3 x86_64) (WARNING: The server did not provide any stacktrace information)
Command duration or timeout: 1.39 seconds
For documentation on this error, please visit: http://seleniumhq.org/exceptions/no_such_element.html
Build info: version: &apos;2.48.2&apos;, revision: &apos;41bccdd10cf2c0560f637404c2d96164b67d9d67&apos;, time: &apos;2015-10-09 13:08:06&apos;
System info: host: &apos;innovapath&apos;, ip: &apos;192.168.29.148&apos;, os.name: &apos;Windows 8.1&apos;, os.arch: &apos;amd64&apos;, os.version: &apos;6.3&apos;, java.version: &apos;1.7.0_79&apos;
*** Element info: {Using=name, value=uname}
Session ID: 8d9f31a7dc007828381bcba987fa379c
Driver info: org.openqa.selenium.chrome.ChromeDriver
Capabilities [{platform=WIN8_1, acceptSslCerts=true, javascriptEnabled=true, browserName=chrome, chrome={userDataDir=C:\Users\bharti\AppData\Local\Temp\scoped_dir12544_26471}, rotatable=false, locationContextEnabled=true, version=49.0.2623.110, takesHeapSnapshot=true, cssSelectorsEnabled=true, databaseEnabled=false, handlesAlerts=true, browserConnectionEnabled=false, webStorageEnabled=true, nativeEvents=true, applicationCacheEnabled=false, takesScreenshot=true}]
	at org.openqa.selenium.remote.ErrorHandler.createThrowable(ErrorHandler.java:206)
	at org.openqa.selenium.remote.ErrorHandler.throwIfResponseFailed(ErrorHandler.java:158)
	at org.openqa.selenium.remote.RemoteWebDriver.execute(RemoteWebDriver.java:647)
	at org.openqa.selenium.remote.RemoteWebDriver.findElement(RemoteWebDriver.java:353)
	at org.openqa.selenium.remote.RemoteWebDriver.findElementByName(RemoteWebDriver.java:451)
	at org.openqa.selenium.By$ByName.findElement(By.java:303)
	at org.openqa.selenium.remote.RemoteWebDriver.findElement(RemoteWebDriver.java:345)
	at com.util.PageDriver.findElement(PageDriver.java:72)
	at com.pages.LoginPage.performLogin(LoginPage.java:22)
	at com.test.LoginPageTest.testLogin(LoginPageTest.java:37)
... Removed 32 stack frames</div></td></tr></table><p class="totop"><a href="#summary">back to summary</a></p><h3 id="m1">com.test.LoginPageTest#testLogin</h3><table class="result"><tr class="param"><th>Parameter #1</th><th>Parameter #2</th></tr><tr class="param stripe"><td>test1@test.com</td><td>test123</td></tr><tr><th colspan="2">Exception</th></tr><tr><td colspan="2"><div class="stacktrace">org.openqa.selenium.StaleElementReferenceException: stale element reference: element is not attached to the page document
  (Session info: chrome=49.0.2623.110)
  (Driver info: chromedriver=2.9.248315,platform=Windows NT 6.3 x86_64) (WARNING: The server did not provide any stacktrace information)
Command duration or timeout: 15 milliseconds
For documentation on this error, please visit: http://seleniumhq.org/exceptions/stale_element_reference.html
Build info: version: &apos;2.48.2&apos;, revision: &apos;41bccdd10cf2c0560f637404c2d96164b67d9d67&apos;, time: &apos;2015-10-09 13:08:06&apos;
System info: host: &apos;innovapath&apos;, ip: &apos;192.168.29.148&apos;, os.name: &apos;Windows 8.1&apos;, os.arch: &apos;amd64&apos;, os.version: &apos;6.3&apos;, java.version: &apos;1.7.0_79&apos;
Session ID: 8d9f31a7dc007828381bcba987fa379c
Driver info: org.openqa.selenium.chrome.ChromeDriver
Capabilities [{platform=WIN8_1, acceptSslCerts=true, javascriptEnabled=true, browserName=chrome, chrome={userDataDir=C:\Users\bharti\AppData\Local\Temp\scoped_dir12544_26471}, rotatable=false, locationContextEnabled=true, version=49.0.2623.110, takesHeapSnapshot=true, cssSelectorsEnabled=true, databaseEnabled=false, handlesAlerts=true, browserConnectionEnabled=false, webStorageEnabled=true, nativeEvents=true, applicationCacheEnabled=false, takesScreenshot=true}]
	at org.openqa.selenium.remote.ErrorHandler.createThrowable(ErrorHandler.java:206)
	at org.openqa.selenium.remote.ErrorHandler.throwIfResponseFailed(ErrorHandler.java:158)
	at org.openqa.selenium.remote.RemoteWebDriver.execute(RemoteWebDriver.java:647)
	at org.openqa.selenium.remote.RemoteWebElement.execute(RemoteWebElement.java:326)
	at org.openqa.selenium.remote.RemoteWebElement.clear(RemoteWebElement.java:139)
	at com.pages.LoginPage.performLogin(LoginPage.java:26)
	at com.test.LoginPageTest.testLogin(LoginPageTest.java:37)
... Removed 32 stack frames</div></td></tr></table><p class="totop"><a href="#summary">back to summary</a></p><h2>homeTest</h2><h3 id="m2">com.test.HomePageTest#testLogin</h3><table class="result"><tr><th>Exception</th></tr><tr><td><div class="stacktrace">java.lang.AssertionError: expected [http://www.whiteboxqa.com/login.php] but found [http://www.whiteboxqa.com/]
	at com.test.HomePageTest.testLogin(HomePageTest.java:38)
... Removed 33 stack frames</div></td></tr></table><p class="totop"><a href="#summary">back to summary</a></p><h3 id="m3">com.test.HomePageTest#testNavBar</h3><table class="result"><tr><th>Exception</th></tr><tr><td><div class="stacktrace">java.lang.AssertionError: expected [6] but found [8]
	at com.test.HomePageTest.testNavBar(HomePageTest.java:32)
... Removed 33 stack frames</div></td></tr></table><p class="totop"><a href="#summary">back to summary</a></p><h3 id="m4">com.test.HomePageTest#testLogo</h3><table class="result"></table><p class="totop"><a href="#summary">back to summary</a></p></body></html>